This is pdfTeX, Version 3.14159265-2.6-1.40.20 (MiKTeX 2.9.7000 64-bit) (preloaded format=pdflatex 2019.10.26)  27 NOV 2019 23:39
entering extended mode
**./Exercise5.tex
(Exercise5.tex
LaTeX2e <2018-12-01>
("D:\Users\erick\AppData\Local\Programs\MiKTeX 2.9\tex/latex/base\article.cls"
Document Class: article 2018/09/03 v1.4i Standard LaTeX document class
("D:\Users\erick\AppData\Local\Programs\MiKTeX 2.9\tex/latex/base\size12.clo"
File: size12.clo 2018/09/03 v1.4i Standard LaTeX file (size option)
)
\c@part=\count80
\c@section=\count81
\c@subsection=\count82
\c@subsubsection=\count83
\c@paragraph=\count84
\c@subparagraph=\count85
\c@figure=\count86
\c@table=\count87
\abovecaptionskip=\skip41
\belowcaptionskip=\skip42
\bibindent=\dimen102
) ("D:\Users\erick\AppData\Local\Programs\MiKTeX 2.9\tex/latex/base\inputenc.st
y"
Package: inputenc 2018/08/11 v1.3c Input encoding file
\inpenc@prehook=\toks14
\inpenc@posthook=\toks15
)
("D:\Users\erick\AppData\Local\Programs\MiKTeX 2.9\tex/latex/amsmath\amsmath.st
y"
Package: amsmath 2018/12/01 v2.17b AMS math features
\@mathmargin=\skip43

For additional information on amsmath, use the `?' option.

("D:\Users\erick\AppData\Local\Programs\MiKTeX 2.9\tex/latex/amsmath\amstext.st
y"
Package: amstext 2000/06/29 v2.01 AMS text

("D:\Users\erick\AppData\Local\Programs\MiKTeX 2.9\tex/latex/amsmath\amsgen.sty
"
File: amsgen.sty 1999/11/30 v2.0 generic functions
\@emptytoks=\toks16
\ex@=\dimen103
))
("D:\Users\erick\AppData\Local\Programs\MiKTeX 2.9\tex/latex/amsmath\amsbsy.sty
"
Package: amsbsy 1999/11/29 v1.2d Bold Symbols
\pmbraise@=\dimen104
)
("D:\Users\erick\AppData\Local\Programs\MiKTeX 2.9\tex/latex/amsmath\amsopn.sty
"
Package: amsopn 2016/03/08 v2.02 operator names
)
\inf@bad=\count88
LaTeX Info: Redefining \frac on input line 223.
\uproot@=\count89
\leftroot@=\count90
LaTeX Info: Redefining \overline on input line 385.
\classnum@=\count91
\DOTSCASE@=\count92
LaTeX Info: Redefining \ldots on input line 482.
LaTeX Info: Redefining \dots on input line 485.
LaTeX Info: Redefining \cdots on input line 606.
\Mathstrutbox@=\box27
\strutbox@=\box28
\big@size=\dimen105
LaTeX Font Info:    Redeclaring font encoding OML on input line 729.
LaTeX Font Info:    Redeclaring font encoding OMS on input line 730.
\macc@depth=\count93
\c@MaxMatrixCols=\count94
\dotsspace@=\muskip10
\c@parentequation=\count95
\dspbrk@lvl=\count96
\tag@help=\toks17
\row@=\count97
\column@=\count98
\maxfields@=\count99
\andhelp@=\toks18
\eqnshift@=\dimen106
\alignsep@=\dimen107
\tagshift@=\dimen108
\tagwidth@=\dimen109
\totwidth@=\dimen110
\lineht@=\dimen111
\@envbody=\toks19
\multlinegap=\skip44
\multlinetaggap=\skip45
\mathdisplay@stack=\toks20
LaTeX Info: Redefining \[ on input line 2844.
LaTeX Info: Redefining \] on input line 2845.
)
("D:\Users\erick\AppData\Local\Programs\MiKTeX 2.9\tex/latex/enumitem\enumitem.
sty"
Package: enumitem 2019/02/04 v3.8 Customized lists
\enitkv@toks@=\toks21
\labelindent=\skip46
\enit@outerparindent=\dimen112
\enit@toks=\toks22
\enit@inbox=\box29
\enit@count@id=\count100
\enitdp@description=\count101
)
("D:\Users\erick\AppData\Local\Programs\MiKTeX 2.9\tex/latex/amsfonts\amsfonts.
sty"
Package: amsfonts 2013/01/14 v3.01 Basic AMSFonts support
\symAMSa=\mathgroup4
\symAMSb=\mathgroup5
LaTeX Font Info:    Overwriting math alphabet `\mathfrak' in version `bold'
(Font)                  U/euf/m/n --> U/euf/b/n on input line 106.
)
("D:\Users\erick\AppData\Local\Programs\MiKTeX 2.9\tex/latex/amsfonts\amssymb.s
ty"
Package: amssymb 2013/01/14 v3.01 AMS font symbols
)
("D:\Users\erick\AppData\Local\Programs\MiKTeX 2.9\tex/latex/graphics\graphicx.
sty"
Package: graphicx 2017/06/01 v1.1a Enhanced LaTeX Graphics (DPC,SPQR)

("D:\Users\erick\AppData\Local\Programs\MiKTeX 2.9\tex/latex/graphics\keyval.st
y"
Package: keyval 2014/10/28 v1.15 key=value parser (DPC)
\KV@toks@=\toks23
)
("D:\Users\erick\AppData\Local\Programs\MiKTeX 2.9\tex/latex/graphics\graphics.
sty"
Package: graphics 2017/06/25 v1.2c Standard LaTeX Graphics (DPC,SPQR)

("D:\Users\erick\AppData\Local\Programs\MiKTeX 2.9\tex/latex/graphics\trig.sty"
Package: trig 2016/01/03 v1.10 sin cos tan (DPC)
)
("D:\Users\erick\AppData\Local\Programs\MiKTeX 2.9\tex/latex/graphics-cfg\graph
ics.cfg"
File: graphics.cfg 2016/06/04 v1.11 sample graphics configuration
)
Package graphics Info: Driver file: pdftex.def on input line 99.

("D:\Users\erick\AppData\Local\Programs\MiKTeX 2.9\tex/latex/graphics-def\pdfte
x.def"
File: pdftex.def 2018/01/08 v1.0l Graphics/color driver for pdftex
))
\Gin@req@height=\dimen113
\Gin@req@width=\dimen114
)
("D:\Users\erick\AppData\Local\Programs\MiKTeX 2.9\tex/latex/tools\multicol.sty
"
Package: multicol 2018/12/27 v1.8v multicolumn formatting (FMi)
\c@tracingmulticols=\count102
\mult@box=\box30
\multicol@leftmargin=\dimen115
\c@unbalance=\count103
\c@collectmore=\count104
\doublecol@number=\count105
\multicoltolerance=\count106
\multicolpretolerance=\count107
\full@width=\dimen116
\page@free=\dimen117
\premulticols=\dimen118
\postmulticols=\dimen119
\multicolsep=\skip47
\multicolbaselineskip=\skip48
\partial@page=\box31
\last@line=\box32
\maxbalancingoverflow=\dimen120
\mult@rightbox=\box33
\mult@grightbox=\box34
\mult@gfirstbox=\box35
\mult@firstbox=\box36
\@tempa=\box37
\@tempa=\box38
\@tempa=\box39
\@tempa=\box40
\@tempa=\box41
\@tempa=\box42
\@tempa=\box43
\@tempa=\box44
\@tempa=\box45
\@tempa=\box46
\@tempa=\box47
\@tempa=\box48
\@tempa=\box49
\@tempa=\box50
\@tempa=\box51
\@tempa=\box52
\@tempa=\box53
\c@columnbadness=\count108
\c@finalcolumnbadness=\count109
\last@try=\dimen121
\multicolovershoot=\dimen122
\multicolundershoot=\dimen123
\mult@nat@firstbox=\box54
\colbreak@box=\box55
\mc@col@check@num=\count110
)
("D:\Users\erick\AppData\Local\Programs\MiKTeX 2.9\tex/latex/sectsty\sectsty.st
y"
Package: sectsty 2002/02/25 v2.0.2 Commands to change all sectional heading sty
les
)
("D:\Users\erick\AppData\Local\Programs\MiKTeX 2.9\tex/latex/koma-script\scrext
end.sty"
Package: scrextend 2019/02/01 v3.26b KOMA-Script package (extend other classes 
with features of KOMA-Script classes)

("D:\Users\erick\AppData\Local\Programs\MiKTeX 2.9\tex/latex/koma-script\scrkba
se.sty"
Package: scrkbase 2019/02/01 v3.26b KOMA-Script package (KOMA-Script-dependent 
basics and keyval usage)

("D:\Users\erick\AppData\Local\Programs\MiKTeX 2.9\tex/latex/koma-script\scrbas
e.sty"
Package: scrbase 2019/02/01 v3.26b KOMA-Script package (KOMA-Script-independent
 basics and keyval usage)

("D:\Users\erick\AppData\Local\Programs\MiKTeX 2.9\tex/latex/koma-script\scrlfi
le.sty"
Package: scrlfile 2019/02/01 v3.26b KOMA-Script package (loading files)
))))
("D:\Users\erick\AppData\Local\Programs\MiKTeX 2.9\tex/latex/geometry\geometry.
sty"
Package: geometry 2018/04/16 v5.8 Page Geometry

("D:\Users\erick\AppData\Local\Programs\MiKTeX 2.9\tex/generic/oberdiek\ifpdf.s
ty"
Package: ifpdf 2018/09/07 v3.3 Provides the ifpdf switch
)
("D:\Users\erick\AppData\Local\Programs\MiKTeX 2.9\tex/generic/oberdiek\ifvtex.
sty"
Package: ifvtex 2016/05/16 v1.6 Detect VTeX and its facilities (HO)
Package ifvtex Info: VTeX not detected.
)
("D:\Users\erick\AppData\Local\Programs\MiKTeX 2.9\tex/generic/ifxetex\ifxetex.
sty"
Package: ifxetex 2010/09/12 v0.6 Provides ifxetex conditional
)
\Gm@cnth=\count111
\Gm@cntv=\count112
\c@Gm@tempcnt=\count113
\Gm@bindingoffset=\dimen124
\Gm@wd@mp=\dimen125
\Gm@odd@mp=\dimen126
\Gm@even@mp=\dimen127
\Gm@layoutwidth=\dimen128
\Gm@layoutheight=\dimen129
\Gm@layouthoffset=\dimen130
\Gm@layoutvoffset=\dimen131
\Gm@dimlist=\toks24

("D:\Users\erick\AppData\Local\Programs\MiKTeX 2.9\tex/latex/geometry\geometry.
cfg")) (Exercise5.aux)
\openout1 = `Exercise5.aux'.

LaTeX Font Info:    Checking defaults for OML/cmm/m/it on input line 35.
LaTeX Font Info:    ... okay on input line 35.
LaTeX Font Info:    Checking defaults for T1/cmr/m/n on input line 35.
LaTeX Font Info:    ... okay on input line 35.
LaTeX Font Info:    Checking defaults for OT1/cmr/m/n on input line 35.
LaTeX Font Info:    ... okay on input line 35.
LaTeX Font Info:    Checking defaults for OMS/cmsy/m/n on input line 35.
LaTeX Font Info:    ... okay on input line 35.
LaTeX Font Info:    Checking defaults for OMX/cmex/m/n on input line 35.
LaTeX Font Info:    ... okay on input line 35.
LaTeX Font Info:    Checking defaults for U/cmr/m/n on input line 35.
LaTeX Font Info:    ... okay on input line 35.

("D:\Users\erick\AppData\Local\Programs\MiKTeX 2.9\tex/context/base/mkii\supp-p
df.mkii"
[Loading MPS to PDF converter (version 2006.09.02).]
\scratchcounter=\count114
\scratchdimen=\dimen132
\scratchbox=\box56
\nofMPsegments=\count115
\nofMParguments=\count116
\everyMPshowfont=\toks25
\MPscratchCnt=\count117
\MPscratchDim=\dimen133
\MPnumerator=\count118
\makeMPintoPDFobject=\count119
\everyMPtoPDFconversion=\toks26
)
("D:\Users\erick\AppData\Local\Programs\MiKTeX 2.9\tex/latex/oberdiek\epstopdf-
base.sty"
Package: epstopdf-base 2016/05/15 v2.6 Base part for package epstopdf

("D:\Users\erick\AppData\Local\Programs\MiKTeX 2.9\tex/generic/oberdiek\infware
rr.sty"
Package: infwarerr 2016/05/16 v1.4 Providing info/warning/error messages (HO)
)
("D:\Users\erick\AppData\Local\Programs\MiKTeX 2.9\tex/latex/oberdiek\grfext.st
y"
Package: grfext 2016/05/16 v1.2 Manage graphics extensions (HO)

("D:\Users\erick\AppData\Local\Programs\MiKTeX 2.9\tex/generic/oberdiek\kvdefin
ekeys.sty"
Package: kvdefinekeys 2016/05/16 v1.4 Define keys (HO)

("D:\Users\erick\AppData\Local\Programs\MiKTeX 2.9\tex/generic/oberdiek\ltxcmds
.sty"
Package: ltxcmds 2016/05/16 v1.23 LaTeX kernel commands for general use (HO)
)))
("D:\Users\erick\AppData\Local\Programs\MiKTeX 2.9\tex/latex/oberdiek\kvoptions
.sty"
Package: kvoptions 2016/05/16 v3.12 Key value format for package options (HO)

("D:\Users\erick\AppData\Local\Programs\MiKTeX 2.9\tex/generic/oberdiek\kvsetke
ys.sty"
Package: kvsetkeys 2016/05/16 v1.17 Key value parser (HO)

("D:\Users\erick\AppData\Local\Programs\MiKTeX 2.9\tex/generic/oberdiek\etexcmd
s.sty"
Package: etexcmds 2016/05/16 v1.6 Avoid name clashes with e-TeX commands (HO)

("D:\Users\erick\AppData\Local\Programs\MiKTeX 2.9\tex/generic/oberdiek\ifluate
x.sty"
Package: ifluatex 2016/05/16 v1.4 Provides the ifluatex switch (HO)
Package ifluatex Info: LuaTeX not detected.
))))
("D:\Users\erick\AppData\Local\Programs\MiKTeX 2.9\tex/generic/oberdiek\pdftexc
mds.sty"
Package: pdftexcmds 2018/09/10 v0.29 Utility functions of pdfTeX for LuaTeX (HO
)
Package pdftexcmds Info: LuaTeX not detected.
Package pdftexcmds Info: \pdf@primitive is available.
Package pdftexcmds Info: \pdf@ifprimitive is available.
Package pdftexcmds Info: \pdfdraftmode found.
)
Package epstopdf-base Info: Redefining graphics rule for `.eps' on input line 4
38.
Package grfext Info: Graphics extension search list:
(grfext)             [.pdf,.png,.jpg,.mps,.jpeg,.jbig2,.jb2,.PDF,.PNG,.JPG,.JPE
G,.JBIG2,.JB2,.eps]
(grfext)             \AppendGraphicsExtensions on input line 456.
)
*geometry* driver: auto-detecting
*geometry* detected driver: pdftex
*geometry* verbose mode - [ preamble ] result:
* driver: pdftex
* paper: a4paper
* layout: <same size as paper>
* layoutoffset:(h,v)=(0.0pt,0.0pt)
* modes: 
* h-part:(L,W,R)=(72.26999pt, 452.9679pt, 72.26999pt)
* v-part:(T,H,B)=(57.81621pt, 714.96065pt, 72.26999pt)
* \paperwidth=597.50787pt
* \paperheight=845.04684pt
* \textwidth=452.9679pt
* \textheight=714.96065pt
* \oddsidemargin=0.0pt
* \evensidemargin=0.0pt
* \topmargin=-51.45378pt
* \headheight=12.0pt
* \headsep=25.0pt
* \topskip=12.0pt
* \footskip=30.0pt
* \marginparwidth=35.0pt
* \marginparsep=10.0pt
* \columnsep=10.0pt
* \skip\footins=10.8pt plus 4.0pt minus 2.0pt
* \hoffset=0.0pt
* \voffset=0.0pt
* \mag=1000
* \@twocolumnfalse
* \@twosidefalse
* \@mparswitchfalse
* \@reversemarginfalse
* (1in=72.27pt=25.4mm, 1cm=28.453pt)


Underfull \hbox (badness 10000) in paragraph at lines 46--47

 []


Underfull \hbox (badness 10000) in paragraph at lines 48--49

 []

<A_star_0.jpg, id=1, 799.48688pt x 524.71031pt>
File: A_star_0.jpg Graphic file (type jpg)
<use A_star_0.jpg>
Package pdftex.def Info: A_star_0.jpg  used on input line 50.
(pdftex.def)             Requested size: 319.78908pt x 209.8804pt.
<A_star_1.jpg, id=2, 816.04875pt x 337.26pt>
File: A_star_1.jpg Graphic file (type jpg)
<use A_star_1.jpg>
Package pdftex.def Info: A_star_1.jpg  used on input line 51.
(pdftex.def)             Requested size: 326.41371pt x 134.9016pt.
<A_star_2.jpg, id=3, 819.06pt x 318.43968pt>
File: A_star_2.jpg Graphic file (type jpg)
<use A_star_2.jpg>
Package pdftex.def Info: A_star_2.jpg  used on input line 52.
(pdftex.def)             Requested size: 327.6182pt x 127.37361pt.
[1

{C:/Users/erick/AppData/Local/MiKTeX/2.9/pdftex/config/pdftex.map} <./A_star_0.
jpg> <./A_star_1.jpg>]
LaTeX Font Info:    Try loading font information for U+msa on input line 65.

("D:\Users\erick\AppData\Local\Programs\MiKTeX 2.9\tex/latex/amsfonts\umsa.fd"
File: umsa.fd 2013/01/14 v3.01 AMS symbols A
)
LaTeX Font Info:    Try loading font information for U+msb on input line 65.
("D:\Users\erick\AppData\Local\Programs\MiKTeX 2.9\tex/latex/amsfonts\umsb.fd"
File: umsb.fd 2013/01/14 v3.01 AMS symbols B
)
LaTeX Font Info:    Font shape `OT1/cmtt/bx/n' in size <12> not available
(Font)              Font shape `OT1/cmtt/m/n' tried instead on input line 74.

Underfull \hbox (badness 10000) in paragraph at lines 74--76

 []

[2 <./A_star_2.jpg>] (Exercise5.aux) ) 
Here is how much of TeX's memory you used:
 4077 strings out of 492942
 61180 string characters out of 3126214
 159312 words of memory out of 3000000
 7907 multiletter control sequences out of 15000+200000
 10925 words of font info for 41 fonts, out of 3000000 for 9000
 1141 hyphenation exceptions out of 8191
 51i,5n,40p,278b,200s stack positions out of 5000i,500n,10000p,200000b,50000s
<D:/Users/erick/AppData/Local/Programs/Mi
KTeX 2.9/fonts/type1/public/amsfonts/cm/cmbx12.pfb><D:/Users/erick/AppData/Loca
l/Programs/MiKTeX 2.9/fonts/type1/public/amsfonts/cm/cmmi12.pfb><D:/Users/erick
/AppData/Local/Programs/MiKTeX 2.9/fonts/type1/public/amsfonts/cm/cmmi8.pfb><D:
/Users/erick/AppData/Local/Programs/MiKTeX 2.9/fonts/type1/public/amsfonts/cm/c
mr12.pfb><D:/Users/erick/AppData/Local/Programs/MiKTeX 2.9/fonts/type1/public/a
msfonts/cm/cmr8.pfb><D:/Users/erick/AppData/Local/Programs/MiKTeX 2.9/fonts/typ
e1/public/amsfonts/cm/cmsy10.pfb><D:/Users/erick/AppData/Local/Programs/MiKTeX 
2.9/fonts/type1/public/amsfonts/cm/cmsy8.pfb><D:/Users/erick/AppData/Local/Prog
rams/MiKTeX 2.9/fonts/type1/public/amsfonts/cm/cmti12.pfb><D:/Users/erick/AppDa
ta/Local/Programs/MiKTeX 2.9/fonts/type1/public/amsfonts/cm/cmtt12.pfb>
Output written on Exercise5.pdf (2 pages, 348709 bytes).
PDF statistics:
 48 PDF objects out of 1000 (max. 8388607)
 0 named destinations out of 1000 (max. 500000)
 16 words of extra memory for PDF output out of 10000 (max. 10000000)

